<?xml version="1.0" encoding="UTF-8"?>
<!-- Generated by org.testng.reporters.JUnitXMLReporter -->
<testsuite hostname="GUR00036968L" ignored="2" tests="0" failures="0" timestamp="12 Jun 2019 11:02:06 GMT" time="0.008" errors="0">
  <testcase name="ProcessingChecklate" time="0.0" classname="TestNG.class2">
    <ignored/>
  </testcase> <!-- ProcessingChecklate -->
  <testcase name="LoginSuccessCheck" time="0.0" classname="TestNG.class1">
    <ignored/>
  </testcase> <!-- LoginSuccessCheck -->
</testsuite>
